<?xml version="1.0" encoding="UTF-8"?>
<!-- Generated by org.testng.reporters.JUnitReportReporter -->
<testsuite hostname="HPDA0161" name="com.qait.automation.stik.report.ResultsIT" tests="1" failures="0" timestamp="11 Feb 2014 12:07:54 GMT" time="9.575" errors="0">
  <testcase name="sendResultsMail" time="9.575" classname="com.qait.automation.stik.report.ResultsIT"/>
</testsuite> <!-- com.qait.automation.stik.report.ResultsIT -->
