<?xml version="1.0" encoding="UTF-8"?>
<!-- Generated by org.testng.reporters.JUnitReportReporter -->
<testsuite hostname="DLLA0057" name="com.qait.automation.stik.test.FaceBookAccountCreation" tests="4" failures="0" timestamp="17 Jul 2013 13:37:02 GMT" time="3.781" errors="0">
  <testcase name="setup" time="0.004" classname="com.qait.automation.stik.test.FaceBookAccountCreation"/>
  <testcase name="B_Login_Using_FaceBook_Link_Given_On_Home_Page" time="0.002" classname="com.qait.automation.stik.test.FaceBookAccountCreation"/>
  <testcase name="A_launch_URL_Navgiate_to_Stick_HomePage" time="3.773" classname="com.qait.automation.stik.test.FaceBookAccountCreation"/>
  <testcase name="C_Click_App_Link_Edit_Roles_ModifyExisting_Users" time="0.002" classname="com.qait.automation.stik.test.FaceBookAccountCreation"/>
</testsuite> <!-- com.qait.automation.stik.test.FaceBookAccountCreation -->
