<?xml version="1.0" encoding="UTF-8"?>
<!-- Generated by org.testng.reporters.JUnitReportReporter -->
<testsuite hostname="HPDA0161" name="com.qait.automation.stik.test.TC_004" tests="6" failures="0" timestamp="25 Feb 2014 11:32:35 GMT" time="157.538" errors="0">
  <testcase name="C_Navigate_To_My_ProfilePage_Verify_MetaDataTags" time="51.546" classname="com.qait.automation.stik.test.TC_004"/>
  <testcase name="setup" time="6.224" classname="com.qait.automation.stik.test.TC_004"/>
  <testcase name="A_launch_URL_Navgiate_to_Stick_HomePage" time="12.916" classname="com.qait.automation.stik.test.TC_004"/>
  <testcase name="D_Navigate_To_Other_ProfilePage_VerifyMetaDataTags" time="14.605" classname="com.qait.automation.stik.test.TC_004"/>
  <testcase name="B_Login_Using_FaceBook_Link_Given_On_Home_Page" time="61.478" classname="com.qait.automation.stik.test.TC_004"/>
  <testcase name="E_SignOut" time="10.769" classname="com.qait.automation.stik.test.TC_004"/>
</testsuite> <!-- com.qait.automation.stik.test.TC_004 -->
