<?xml version="1.0" encoding="UTF-8"?>
<!-- Generated by org.testng.reporters.JUnitReportReporter -->
<testsuite hostname="LNDB0013" name="com.qait.automation.stik.test.TC_007" tests="3" failures="0" timestamp="6 Jan 2014 09:50:55 GMT" time="33.790" errors="0">
  <testcase name="setup" time="3.826" classname="com.qait.automation.stik.test.TC_007"/>
  <testcase name="B_Navigate_To_OtherProfile_And_Verify_Review_Count" time="21.382" classname="com.qait.automation.stik.test.TC_007"/>
  <testcase name="A_launch_URL_Navgiate_to_Stick_HomePage" time="8.582" classname="com.qait.automation.stik.test.TC_007"/>
</testsuite> <!-- com.qait.automation.stik.test.TC_007 -->
