<?xml version="1.0" encoding="UTF-8"?>
<!-- Generated by org.testng.reporters.JUnitReportReporter -->
<testsuite hostname="HPDA0161" name="com.qait.automation.stik.test.TC_008" tests="6" failures="0" timestamp="25 Feb 2014 11:42:26 GMT" time="159.891" errors="0">
  <testcase name="B_Login_Using_FaceBook_Link_Given_On_Home_Page" time="61.956" classname="com.qait.automation.stik.test.TC_008"/>
  <testcase name="A_launch_URL_Navgiate_to_Stick_HomePage" time="14.678" classname="com.qait.automation.stik.test.TC_008"/>
  <testcase name="C_Navigate_To_MyProfile_And_Verify_Facebook_Linkedin_Google_Plus_Appear" time="51.612" classname="com.qait.automation.stik.test.TC_008"/>
  <testcase name="D_Navigate_To_OthersProfile_And_Verify_Facebook_Linkedin_Google_Plus_Appear" time="15.388" classname="com.qait.automation.stik.test.TC_008"/>
  <testcase name="setup" time="6.202" classname="com.qait.automation.stik.test.TC_008"/>
  <testcase name="E_SignOut" time="10.055" classname="com.qait.automation.stik.test.TC_008"/>
</testsuite> <!-- com.qait.automation.stik.test.TC_008 -->
