<?xml version="1.0" encoding="UTF-8"?>
<!-- Generated by org.testng.reporters.JUnitReportReporter -->
<testsuite hostname="HPDA0161" name="com.qait.automation.stik.test.TC_032" tests="8" failures="0" timestamp="25 Feb 2014 10:38:14 GMT" time="81.686" errors="0">
  <testcase name="G_verify_City_Select_Dropdown" time="2.846" classname="com.qait.automation.stik.test.TC_032"/>
  <testcase name="setup" time="6.916" classname="com.qait.automation.stik.test.TC_032"/>
  <testcase name="B_click_On_Meet_The_Team_Link" time="20.890" classname="com.qait.automation.stik.test.TC_032"/>
  <testcase name="D_verify_Contact" time="6.652" classname="com.qait.automation.stik.test.TC_032"/>
  <testcase name="E_verify_Company_Select_Dropdown" time="5.637" classname="com.qait.automation.stik.test.TC_032"/>
  <testcase name="C_verify_Stik_Employee_Page" time="21.436" classname="com.qait.automation.stik.test.TC_032"/>
  <testcase name="F_verify_State_Select_Dropdown" time="4.840" classname="com.qait.automation.stik.test.TC_032"/>
  <testcase name="A_launch_URL_Navgiate_to_Stick_HomePage" time="12.469" classname="com.qait.automation.stik.test.TC_032"/>
</testsuite> <!-- com.qait.automation.stik.test.TC_032 -->
