<?xml version="1.0" encoding="UTF-8"?>
<!-- Generated by org.testng.reporters.JUnitReportReporter -->
<testsuite hostname="HPDA0161" name="com.qait.automation.stik.test.TC_010" tests="23" failures="0" timestamp="25 Feb 2014 10:31:44 GMT" time="260.157" errors="0">
  <testcase name="H_verify_Link_Mortgage_Appears_On_Home_Page" time="13.988" classname="com.qait.automation.stik.test.TC_010"/>
  <testcase name="M_verify_Link_Veterinarian_Appears_On_Home_Page" time="9.229" classname="com.qait.automation.stik.test.TC_010"/>
  <testcase name="L_verify_Link_Financial_Planning_Appears_On_Home_Page" time="6.831" classname="com.qait.automation.stik.test.TC_010"/>
  <testcase name="D_verify_Link_FAQ_Appears_On_Home_Page" time="5.070" classname="com.qait.automation.stik.test.TC_010"/>
  <testcase name="P_verify_Link_Find_Professional_By_Last_Name" time="4.469" classname="com.qait.automation.stik.test.TC_010"/>
  <testcase name="Q_verify_Link_Login_At_Footer_Appears_On_Home_Page" time="1.626" classname="com.qait.automation.stik.test.TC_010"/>
  <testcase name="F_verify_Link_FindProfessionalInYourArea_Appears_On_Home_Page" time="32.535" classname="com.qait.automation.stik.test.TC_010"/>
  <testcase name="S_verify_Link_Carrers_At_Footer_Appears_On_Home_Page" time="5.442" classname="com.qait.automation.stik.test.TC_010"/>
  <testcase name="O_verify_Link_Home_Services_Appears_On_Home_Page" time="9.087" classname="com.qait.automation.stik.test.TC_010"/>
  <testcase name="R_verify_Link_Terms_At_Footer_Appears_On_Home_Page" time="3.684" classname="com.qait.automation.stik.test.TC_010"/>
  <testcase name="A_launch_URL_Navgiate_to_Stick_HomePage" time="16.599" classname="com.qait.automation.stik.test.TC_010"/>
  <testcase name="R_verify_Link_Press_At_Footer_Appears_On_Home_Page" time="7.276" classname="com.qait.automation.stik.test.TC_010"/>
  <testcase name="G_verify_Link_RealEstate_Appears_On_Home_Page" time="9.565" classname="com.qait.automation.stik.test.TC_010"/>
  <testcase name="B_verify_Link_Meet_The_Team_Appears_On_Home_Page" time="42.928" classname="com.qait.automation.stik.test.TC_010"/>
  <testcase name="R_verify_Link_Partner_At_Footer_Appears_On_Home_Page" time="20.789" classname="com.qait.automation.stik.test.TC_010"/>
  <testcase name="I_verify_Link_Insurance_Appears_On_Home_Page" time="10.646" classname="com.qait.automation.stik.test.TC_010"/>
  <testcase name="K_verify_Link_Lawyers_Appears_On_Home_Page" time="8.239" classname="com.qait.automation.stik.test.TC_010"/>
  <testcase name="E_verify_Link_Answers_Appears_On_Home_Page" time="11.723" classname="com.qait.automation.stik.test.TC_010"/>
  <testcase name="J_verify_Link_HealthAndWellness_Appears_On_Home_Page" time="11.135" classname="com.qait.automation.stik.test.TC_010"/>
  <testcase name="N_verify_Link_Photographers_Appears_On_Home_Page" time="9.274" classname="com.qait.automation.stik.test.TC_010"/>
  <testcase name="setup" time="11.591" classname="com.qait.automation.stik.test.TC_010"/>
  <testcase name="C_verify_Link_Contact_Us_Appears_On_Home_Page" time="4.963" classname="com.qait.automation.stik.test.TC_010"/>
  <testcase name="R_verify_Link_Privacy_At_Footer_Appears_On_Home_Page" time="3.468" classname="com.qait.automation.stik.test.TC_010"/>
</testsuite> <!-- com.qait.automation.stik.test.TC_010 -->
