<?xml version="1.0" encoding="UTF-8"?>
<!-- Generated by org.testng.reporters.JUnitReportReporter -->
<testsuite hostname="HPDA0161" name="com.qait.automation.stik.test.TC_026" tests="6" failures="0" timestamp="21 Feb 2014 07:09:41 GMT" time="164.708" errors="0">
  <testcase name="A_launch_URL_Navgiate_to_Stick_HomePage" time="27.165" classname="com.qait.automation.stik.test.TC_026"/>
  <testcase name="E_signOut" time="12.329" classname="com.qait.automation.stik.test.TC_026"/>
  <testcase name="D_Check_Sync_Between_Step3_And_Step4" time="33.305" classname="com.qait.automation.stik.test.TC_026"/>
  <testcase name="setup" time="8.012" classname="com.qait.automation.stik.test.TC_026"/>
  <testcase name="B_Login_Using_FaceBook_Link_Given_On_Home_Page" time="70.237" classname="com.qait.automation.stik.test.TC_026"/>
  <testcase name="C_Select_In_Your_Email_From_DropDown_And_Get_Started" time="13.660" classname="com.qait.automation.stik.test.TC_026"/>
</testsuite> <!-- com.qait.automation.stik.test.TC_026 -->
