<?xml version="1.0" encoding="UTF-8"?>
<!-- Generated by org.testng.reporters.JUnitReportReporter -->
<testsuite hostname="LNDB0013" name="com.qait.automation.stik.test.TC_005" tests="5" failures="0" timestamp="6 Jan 2014 09:46:55 GMT" time="110.519" errors="0">
  <testcase name="B_Login_Using_FaceBook_Link_Given_On_Home_Page" time="58.246" classname="com.qait.automation.stik.test.TC_005"/>
  <testcase name="C_Navigate_To_Others_CombinedReviewPage_VerifyMetaDataTags" time="29.522" classname="com.qait.automation.stik.test.TC_005"/>
  <testcase name="setup" time="3.361" classname="com.qait.automation.stik.test.TC_005"/>
  <testcase name="A_launch_URL_Navgiate_to_Stick_HomePage" time="12.293" classname="com.qait.automation.stik.test.TC_005"/>
  <testcase name="D_SignOut" time="7.097" classname="com.qait.automation.stik.test.TC_005"/>
</testsuite> <!-- com.qait.automation.stik.test.TC_005 -->
