<?xml version="1.0" encoding="UTF-8"?>
<!-- Generated by org.testng.reporters.JUnitReportReporter -->
<testsuite hostname="HPDA0161" name="com.qait.automation.stik.test.TC_015" tests="6" failures="0" timestamp="26 Feb 2014 04:35:30 GMT" time="288.641" errors="0">
  <testcase name="C_Navigate_To_Client_Mail_Page" time="35.774" classname="com.qait.automation.stik.test.TC_015"/>
  <testcase name="A_launch_URL_Navgiate_to_Stick_HomePage" time="20.286" classname="com.qait.automation.stik.test.TC_015"/>
  <testcase name="setup" time="36.589" classname="com.qait.automation.stik.test.TC_015"/>
  <testcase name="B_Login_Using_FaceBook_Link_Given_On_Home_Page" time="145.995" classname="com.qait.automation.stik.test.TC_015"/>
  <testcase name="D_signOut" time="24.266" classname="com.qait.automation.stik.test.TC_015"/>
  <testcase name="D_Verify_Gmail_Import" time="25.731" classname="com.qait.automation.stik.test.TC_015"/>
</testsuite> <!-- com.qait.automation.stik.test.TC_015 -->
