<?xml version="1.0" encoding="UTF-8"?>
<!-- Generated by org.testng.reporters.JUnitReportReporter -->
<testsuite hostname="HPDA0161" name="com.qait.automation.stik.test.TC_023" tests="10" failures="0" timestamp="25 Feb 2014 11:26:18 GMT" time="105.389" errors="0">
  <testcase name="G_Verify_Review_Using_Facebook_Credentials_Of_Reviewer" time="0.360" classname="com.qait.automation.stik.test.TC_023"/>
  <testcase name="I_signOut" time="13.366" classname="com.qait.automation.stik.test.TC_023"/>
  <testcase name="F_Verify_UI_Verification_screen_after_giving_review" time="23.362" classname="com.qait.automation.stik.test.TC_023"/>
  <testcase name="C_Verify__Review_Button_Present_On_Profile_Page" time="0.265" classname="com.qait.automation.stik.test.TC_023"/>
  <testcase name="D_Give_Random_Rating_To_The_Professional_On_Profile_Page" time="2.982" classname="com.qait.automation.stik.test.TC_023"/>
  <testcase name="E_Submit_Review_Text_On_Profile_Page" time="4.498" classname="com.qait.automation.stik.test.TC_023"/>
  <testcase name="A_launch_URL_Navigate_to_Stick_HomePage" time="15.416" classname="com.qait.automation.stik.test.TC_023"/>
  <testcase name="setup" time="6.684" classname="com.qait.automation.stik.test.TC_023"/>
  <testcase name="B_Navigate_To_Profile_Page" time="18.207" classname="com.qait.automation.stik.test.TC_023"/>
  <testcase name="H_Verify_Review_gets_Posted_By_Checking_Rating_and_ReviewText_From_Top_Most_Reviewer_On_Profile" time="20.249" classname="com.qait.automation.stik.test.TC_023"/>
</testsuite> <!-- com.qait.automation.stik.test.TC_023 -->
