<?xml version="1.0" encoding="UTF-8"?>
<!-- Generated by org.testng.reporters.JUnitReportReporter -->
<testsuite hostname="LNDB0013" name="com.qait.automation.stik.test.TC_034" tests="3" failures="0" timestamp="23 Jan 2014 12:49:14 GMT" time="13.563" errors="0">
  <testcase name="A_launch_URL_Navgiate_to_Enterprise_Page" time="0.187" classname="com.qait.automation.stik.test.TC_034"/>
  <testcase name="setup" time="2.951" classname="com.qait.automation.stik.test.TC_034"/>
  <testcase name="A_launch_URL_Navgiate_to_Stick_HomePage" time="10.425" classname="com.qait.automation.stik.test.TC_034"/>
</testsuite> <!-- com.qait.automation.stik.test.TC_034 -->
