<?xml version="1.0" encoding="UTF-8"?>
<!-- Generated by org.testng.reporters.JUnitReportReporter -->
<testsuite hostname="HPDA0161" name="com.qait.automation.stik.test.TC_019" tests="7" failures="0" timestamp="21 Feb 2014 06:25:28 GMT" time="121.073" errors="0">
  <testcase name="B_Login_Using_FaceBook_Link_Given_On_Home_Page" time="63.233" classname="com.qait.automation.stik.test.TC_019"/>
  <testcase name="D_Get_Started_ConnectToFacebook" time="16.865" classname="com.qait.automation.stik.test.TC_019"/>
  <testcase name="E_Check_Add_To_Profile_Link_On_Facebook_Page" time="8.554" classname="com.qait.automation.stik.test.TC_019"/>
  <testcase name="A_launch_URL_Navgiate_to_Stick_HomePage" time="12.613" classname="com.qait.automation.stik.test.TC_019"/>
  <testcase name="F_signOut" time="13.258" classname="com.qait.automation.stik.test.TC_019"/>
  <testcase name="C_Select_On_Your_Facebook_Profile_From_DropDown" time="0.186" classname="com.qait.automation.stik.test.TC_019"/>
  <testcase name="setup" time="6.364" classname="com.qait.automation.stik.test.TC_019"/>
</testsuite> <!-- com.qait.automation.stik.test.TC_019 -->
