<?xml version="1.0" encoding="UTF-8"?>
<!-- Generated by org.testng.reporters.JUnitReportReporter -->
<testsuite hostname="LNDB0013" name="com.qait.automation.stik.test.TC_012" tests="4" failures="0" timestamp="15 Jan 2014 04:20:47 GMT" time="47.099" errors="0">
  <testcase name="setup" time="4.100" classname="com.qait.automation.stik.test.TC_012"/>
  <testcase name="A_launch_URL_Navgiate_to_Stick_HomePage" time="17.748" classname="com.qait.automation.stik.test.TC_012"/>
  <testcase name="C_Verify_Search_Results" time="6.071" classname="com.qait.automation.stik.test.TC_012"/>
  <testcase name="B_Perform_Search_Without_Existing_Session" time="19.180" classname="com.qait.automation.stik.test.TC_012"/>
</testsuite> <!-- com.qait.automation.stik.test.TC_012 -->
