<?xml version="1.0" encoding="UTF-8"?>
<!-- Generated by org.testng.reporters.JUnitReportReporter -->
<testsuite hostname="HPDA0161" name="com.qait.automation.stik.test.TC_024" tests="10" failures="0" timestamp="25 Feb 2014 11:28:52 GMT" time="135.381" errors="0">
  <testcase name="G_Verify_UI_Verification_screen_after_giving_review" time="7.344" classname="com.qait.automation.stik.test.TC_024"/>
  <testcase name="setup" time="6.343" classname="com.qait.automation.stik.test.TC_024"/>
  <testcase name="B_Login_Using_FaceBook_Link_Given_On_Home_Page" time="64.763" classname="com.qait.automation.stik.test.TC_024"/>
  <testcase name="C_Navigate_To_Others_Profile_Page" time="15.521" classname="com.qait.automation.stik.test.TC_024"/>
  <testcase name="D_Verify__Review_Button_Present_On_Profile_Page" time="0.225" classname="com.qait.automation.stik.test.TC_024"/>
  <testcase name="I_signOut" time="10.439" classname="com.qait.automation.stik.test.TC_024"/>
  <testcase name="F_Submit_Review_Text_On_Profile_Page" time="4.471" classname="com.qait.automation.stik.test.TC_024"/>
  <testcase name="A_launch_URL_Navigate_to_Stick_HomePage" time="19.420" classname="com.qait.automation.stik.test.TC_024"/>
  <testcase name="H_Verify_Review_Using_Facebook_Credentials_Of_Reviewer" time="2.833" classname="com.qait.automation.stik.test.TC_024"/>
  <testcase name="E_Give_Random_Rating_To_The_Professional_On_Profile_Page" time="4.022" classname="com.qait.automation.stik.test.TC_024"/>
</testsuite> <!-- com.qait.automation.stik.test.TC_024 -->
