<?xml version="1.0" encoding="UTF-8"?>
<!-- Generated by org.testng.reporters.JUnitReportReporter -->
<testsuite hostname="LNDB0013" name="com.qait.automation.stik.test.TC_027" tests="5" failures="0" timestamp="6 Jan 2014 11:33:40 GMT" time="124.222" errors="0">
  <testcase name="C_Navigate_To_Referral_Collection_URL" time="30.354" classname="com.qait.automation.stik.test.TC_027"/>
  <testcase name="A_launch_URL_Navgiate_to_Stick_HomePage" time="13.455" classname="com.qait.automation.stik.test.TC_027"/>
  <testcase name="B_Login_Using_FaceBook_Link_Given_On_Home_Page" time="59.329" classname="com.qait.automation.stik.test.TC_027"/>
  <testcase name="D_Verify_Referral_Collection_Workflow" time="18.043" classname="com.qait.automation.stik.test.TC_027"/>
  <testcase name="setup" time="3.041" classname="com.qait.automation.stik.test.TC_027"/>
</testsuite> <!-- com.qait.automation.stik.test.TC_027 -->
