<?xml version="1.0" encoding="UTF-8"?>
<!-- Generated by org.testng.reporters.JUnitReportReporter -->
<testsuite hostname="HPDA0179" name="com.qait.automation.stik.test.TC_009" tests="8" failures="0" timestamp="5 Feb 2014 12:35:39 GMT" time="58.216" errors="0">
  <testcase name="F_verify_Login_link_Appears_On_Home_Page" time="0.045" classname="com.qait.automation.stik.test.TC_009"/>
  <testcase name="setup" time="18.990" classname="com.qait.automation.stik.test.TC_009"/>
  <testcase name="B_verify_Title_On_Home_Page" time="26.137" classname="com.qait.automation.stik.test.TC_009"/>
  <testcase name="G_verify_Join_For_Free_Link_Appears_On_Home_Page" time="0.042" classname="com.qait.automation.stik.test.TC_009"/>
  <testcase name="A_launch_URL_Navgiate_to_Stick_HomePage" time="12.912" classname="com.qait.automation.stik.test.TC_009"/>
  <testcase name="C_verify_Stik_Logo_Appears_On_Home_Page" time="0.043" classname="com.qait.automation.stik.test.TC_009"/>
  <testcase name="D_verify_For_Business_On_Home_Page" time="0.023" classname="com.qait.automation.stik.test.TC_009"/>
  <testcase name="E_verify_Find_Professional_Appears_On_Home_Page" time="0.024" classname="com.qait.automation.stik.test.TC_009"/>
</testsuite> <!-- com.qait.automation.stik.test.TC_009 -->
