<?xml version="1.0" encoding="UTF-8"?>
<!-- Generated by org.testng.reporters.JUnitReportReporter -->
<testsuite hostname="HPDA0161" name="com.qait.automation.stik.test.TC_011" tests="14" failures="0" timestamp="26 Feb 2014 04:53:20 GMT" time="153.130" errors="0">
  <testcase name="M_verify_OtherIndustriesList" time="16.189" classname="com.qait.automation.stik.test.TC_011"/>
  <testcase name="G_verify_InsuranceIndustriesList" time="8.275" classname="com.qait.automation.stik.test.TC_011"/>
  <testcase name="D_Verify_Zipcode_Search" time="4.902" classname="com.qait.automation.stik.test.TC_011"/>
  <testcase name="K_verify_HealthCareIndustriesList" time="11.213" classname="com.qait.automation.stik.test.TC_011"/>
  <testcase name="I_verify_AutoProfessionalIndustriesList" time="8.262" classname="com.qait.automation.stik.test.TC_011"/>
  <testcase name="L_verify_ArtistsIndustriesList" time="16.042" classname="com.qait.automation.stik.test.TC_011"/>
  <testcase name="setup" time="6.709" classname="com.qait.automation.stik.test.TC_011"/>
  <testcase name="E_Verify_State_Search" time="31.783" classname="com.qait.automation.stik.test.TC_011"/>
  <testcase name="C_Verify_Professional_Search_Through_DropDown" time="8.203" classname="com.qait.automation.stik.test.TC_011"/>
  <testcase name="B_verify_DirectoryURL_BasicElements" time="0.241" classname="com.qait.automation.stik.test.TC_011"/>
  <testcase name="H_verify_RealtorsIndustriesList" time="11.745" classname="com.qait.automation.stik.test.TC_011"/>
  <testcase name="A_launch_URL_Navgiate_to_Directory" time="12.600" classname="com.qait.automation.stik.test.TC_011"/>
  <testcase name="F_Verify_City_Selection_And_Final_BreadCrumb_Trail" time="7.734" classname="com.qait.automation.stik.test.TC_011"/>
  <testcase name="J_verify_HomeContractorsIndustriesList" time="9.232" classname="com.qait.automation.stik.test.TC_011"/>
</testsuite> <!-- com.qait.automation.stik.test.TC_011 -->
