<?xml version="1.0" encoding="UTF-8"?>
<!-- Generated by org.testng.reporters.JUnitReportReporter -->
<testsuite hostname="HPDA0161" name="com.qait.automation.stik.test.TC_DirectoryTemp" tests="10" failures="0" timestamp="11 Feb 2014 11:03:50 GMT" time="80.803" errors="0">
  <testcase name="D_verify_RealtorsIndustriesList" time="9.856" classname="com.qait.automation.stik.test.TC_DirectoryTemp"/>
  <testcase name="G_verify_HealthCareIndustriesList" time="6.293" classname="com.qait.automation.stik.test.TC_DirectoryTemp"/>
  <testcase name="setup" time="6.951" classname="com.qait.automation.stik.test.TC_DirectoryTemp"/>
  <testcase name="I_verify_OtherIndustriesList" time="8.692" classname="com.qait.automation.stik.test.TC_DirectoryTemp"/>
  <testcase name="A_launch_URL_Navgiate_to_Directory" time="13.417" classname="com.qait.automation.stik.test.TC_DirectoryTemp"/>
  <testcase name="C_verify_InsuranceIndustriesList" time="11.589" classname="com.qait.automation.stik.test.TC_DirectoryTemp"/>
  <testcase name="B_verify_DirectoryURL_BasicElements" time="0.229" classname="com.qait.automation.stik.test.TC_DirectoryTemp"/>
  <testcase name="E_verify_AutoProfessionalIndustriesList" time="6.842" classname="com.qait.automation.stik.test.TC_DirectoryTemp"/>
  <testcase name="H_verify_ArtistsIndustriesList" time="9.236" classname="com.qait.automation.stik.test.TC_DirectoryTemp"/>
  <testcase name="F_verify_HomeContractorsIndustriesList" time="7.698" classname="com.qait.automation.stik.test.TC_DirectoryTemp"/>
</testsuite> <!-- com.qait.automation.stik.test.TC_DirectoryTemp -->
