<?xml version="1.0" encoding="UTF-8"?>
<!-- Generated by org.testng.reporters.JUnitReportReporter -->
<testsuite hostname="HPDA0161" name="com.qait.automation.stik.test.TC_020" tests="9" failures="0" timestamp="25 Feb 2014 10:35:57 GMT" time="197.081" errors="0">
  <testcase name="D_NavigateTo_Business_Info_Page" time="15.411" classname="com.qait.automation.stik.test.TC_020"/>
  <testcase name="setup" time="6.693" classname="com.qait.automation.stik.test.TC_020"/>
  <testcase name="A_launch_URL_Navgiate_to_Stick_HomePage" time="18.660" classname="com.qait.automation.stik.test.TC_020"/>
  <testcase name="B_Login_Using_LinkedIn_Link_Given_On_Home_Page" time="68.791" classname="com.qait.automation.stik.test.TC_020"/>
  <testcase name="H_signOut" time="10.498" classname="com.qait.automation.stik.test.TC_020"/>
  <testcase name="E_Check_PresenceOf_Business_Info_Fields" time="1.639" classname="com.qait.automation.stik.test.TC_020"/>
  <testcase name="C_Verify_First_Name_Is_Displayed_On_Home_Page_After_Signing_Into_App" time="4.064" classname="com.qait.automation.stik.test.TC_020"/>
  <testcase name="F_Update_Information_On_Business_Info_Page" time="52.417" classname="com.qait.automation.stik.test.TC_020"/>
  <testcase name="G_Verify_Updated_Info_On_Profile_Page" time="18.908" classname="com.qait.automation.stik.test.TC_020"/>
</testsuite> <!-- com.qait.automation.stik.test.TC_020 -->
