<?xml version="1.0" encoding="UTF-8"?>
<!-- Generated by org.testng.reporters.JUnitReportReporter -->
<testsuite hostname="HPDA0161" name="com.qait.automation.stik.test.TC_018" tests="6" failures="0" timestamp="25 Feb 2014 12:25:31 GMT" time="129.207" errors="0">
  <testcase name="A_launch_URL_Navgiate_to_Stick_HomePage" time="16.301" classname="com.qait.automation.stik.test.TC_018"/>
  <testcase name="B_Login_Using_FaceBook_Link_Given_On_Home_Page" time="69.697" classname="com.qait.automation.stik.test.TC_018"/>
  <testcase name="E_signOut" time="10.719" classname="com.qait.automation.stik.test.TC_018"/>
  <testcase name="D_Get_StartedOnFacebook_Page_And_Select_Facebook_Page" time="22.589" classname="com.qait.automation.stik.test.TC_018"/>
  <testcase name="C_Select_On_Your_Facebook_Page_From_DropDown" time="0.169" classname="com.qait.automation.stik.test.TC_018"/>
  <testcase name="setup" time="9.732" classname="com.qait.automation.stik.test.TC_018"/>
</testsuite> <!-- com.qait.automation.stik.test.TC_018 -->
