<?xml version="1.0" encoding="UTF-8"?>
<!-- Generated by org.testng.reporters.JUnitReportReporter -->
<testsuite hostname="HPDA0161" name="com.qait.automation.stik.test.TC_006" tests="6" failures="0" timestamp="25 Feb 2014 11:36:58 GMT" time="175.540" errors="0">
  <testcase name="D_Navigate_To_OthersProfile_And_Verify_Review_Count" time="24.803" classname="com.qait.automation.stik.test.TC_006"/>
  <testcase name="setup" time="7.083" classname="com.qait.automation.stik.test.TC_006"/>
  <testcase name="C_Navigate_To_MyProfile_And_Verify_Review_Count" time="60.195" classname="com.qait.automation.stik.test.TC_006"/>
  <testcase name="B_Login_Using_FaceBook_Link_Given_On_Home_Page" time="58.666" classname="com.qait.automation.stik.test.TC_006"/>
  <testcase name="E_SignOut" time="9.381" classname="com.qait.automation.stik.test.TC_006"/>
  <testcase name="A_launch_URL_Navgiate_to_Stick_HomePage" time="15.412" classname="com.qait.automation.stik.test.TC_006"/>
</testsuite> <!-- com.qait.automation.stik.test.TC_006 -->
