<?xml version="1.0" encoding="UTF-8"?>
<!-- Generated by org.testng.reporters.JUnitReportReporter -->
<testsuite hostname="HPDA0161" name="com.qait.automation.stik.test.TestRunner" tests="1" failures="0" timestamp="11 Feb 2014 12:07:41 GMT" time="81.269" errors="0">
  <testcase name="Test" time="81.269" classname="com.qait.automation.stik.test.TestRunner"/>
</testsuite> <!-- com.qait.automation.stik.test.TestRunner -->
